This is pdfTeX, Version 3.14159265-2.6-1.40.21 (MiKTeX 20.7) (preloaded format=pdflatex 2020.10.20)  13 MAR 2021 01:12
entering extended mode
**./main.tex
(main.tex
LaTeX2e <2020-10-01>
L3 programming layer <2020-09-24> xparse <2020-03-03>
("C:\Users\user\AppData\Local\Programs\MiKTeX 2.9\tex/latex/revtex4\revtex4.cls
"
Document Class: revtex4 2001/08/03 v4.0 (http://publish.aps.org/revtex4/ for do
cumentation)
 Copyright (c) 2001 The American Physical Society.
 mailto:revtex@aps.org
 Licensed under the LPPL:
http://www.ctan.org/tex-archive/macros/latex/base/lppl.txt
 Arthur Ogawa <ogawa@teleport.com>
 Based on work by David Carlisle <david@dcarlisle.demon.co.uk>.
ltxutil: portions licensed from W. E. Baxter (web@superscript.com)
Class revtex4 Info: Repairing broken LateX \@sect on input line 596.
\intertabularlinepenalty=\count175
\@tbpen=\count176
\@arstrutbox@hline=\box47
Class revtex4 Info: Repairing broken LaTeX \@xbitor on input line 1610.
ltxgrid: portions licensed from W. E. Baxter (web@superscript.com)
\c@linecount=\count177
\output=\toks15
\@protection@box=\box48
\@topmark@saved=\toks16
\footins@saved=\box49
\pagesofar=\box50
\footbox=\box51
\pagegrid@col=\count178
Class revtex4 Info: Incorporating package {textcase}  [1998/11/12 v0.06 Text on
ly upper/lower case changing (DPC)]. on input line 3682.
("C:\Users\user\AppData\Local\Programs\MiKTeX 2.9\tex/latex/url\url.sty"
\Urlmuskip=\muskip16
Package: url 2013/09/16  ver 3.4  Verb mode for urls, etc.
)
\c@affil=\count179
\absbox=\box52
\c@part=\count180
\c@section=\count181
\c@subsection=\count182
\c@subsubsection=\count183
\c@paragraph=\count184
\c@subparagraph=\count185
\abovecaptionskip=\skip47
\belowcaptionskip=\skip48
\c@figure=\count186
\c@table=\count187

("C:\Users\user\AppData\Local\Programs\MiKTeX 2.9\tex/latex/natbib\natbib.sty"
Package: natbib 2010/09/13 8.31b (PWD, AO)
\bibhang=\skip49
\bibsep=\skip50
LaTeX Info: Redefining \cite on input line 694.
\c@NAT@ctr=\count188
)
\widetext@top=\box53
\widetext@bot=\box54
("C:\Users\user\AppData\Local\Programs\MiKTeX 2.9\tex/latex/revtex4\revsymb.sty
"
Package: revsymb 2001/08/03 v4.0 (http://publish.aps.org/revtex4/ for documenta
tion)
LaTeX Info: Redefining \REV@mathfrak on input line 118.
))

Class revtex4 Warning: No Society specified, using generic APS style.

("C:\Users\user\AppData\Local\Programs\MiKTeX 2.9\tex/latex/revtex4\aps.rtx"
File: aps.rtx 2001/08/03 v4.0 (http://publish.aps.org/revtex4/ for documentatio
n)
)
("C:\Users\user\AppData\Local\Programs\MiKTeX 2.9\tex/latex/revtex4\10pt.rtx"
File: 10pt.rtx 2001/08/03 v4.0 (http://publish.aps.org/revtex4/ for documentati
on)
)
("C:\Users\user\AppData\Local\Programs\MiKTeX 2.9\tex/latex/base\inputenc.sty"
Package: inputenc 2020/08/01 v1.3d Input encoding file
\inpenc@prehook=\toks17
\inpenc@posthook=\toks18
) ("C:\Users\user\AppData\Local\Programs\MiKTeX 2.9\tex/latex/graphics\epsfig.s
ty"
Package: epsfig 2017/06/25 v1.7b (e)psfig emulation (SPQR)

("C:\Users\user\AppData\Local\Programs\MiKTeX 2.9\tex/latex/graphics\graphicx.s
ty"
Package: graphicx 2020/09/09 v1.2b Enhanced LaTeX Graphics (DPC,SPQR)

("C:\Users\user\AppData\Local\Programs\MiKTeX 2.9\tex/latex/graphics\keyval.sty
"
Package: keyval 2014/10/28 v1.15 key=value parser (DPC)
\KV@toks@=\toks19
)
("C:\Users\user\AppData\Local\Programs\MiKTeX 2.9\tex/latex/graphics\graphics.s
ty"
Package: graphics 2020/08/30 v1.4c Standard LaTeX Graphics (DPC,SPQR)

("C:\Users\user\AppData\Local\Programs\MiKTeX 2.9\tex/latex/graphics\trig.sty"
Package: trig 2016/01/03 v1.10 sin cos tan (DPC)
)
("C:\Users\user\AppData\Local\Programs\MiKTeX 2.9\tex/latex/graphics-cfg\graphi
cs.cfg"
File: graphics.cfg 2016/06/04 v1.11 sample graphics configuration
)
Package graphics Info: Driver file: pdftex.def on input line 105.

("C:\Users\user\AppData\Local\Programs\MiKTeX 2.9\tex/latex/graphics-def\pdftex
.def"
File: pdftex.def 2020/08/26 v1.2 Graphics/color driver for pdftex
))
\Gin@req@height=\dimen138
\Gin@req@width=\dimen139
)
\epsfxsize=\dimen140
\epsfysize=\dimen141
)
("C:\Users\user\AppData\Local\Programs\MiKTeX 2.9\tex/latex/pgf/frontendlayer\t
ikz.sty"
("C:\Users\user\AppData\Local\Programs\MiKTeX 2.9\tex/latex/pgf/basiclayer\pgf.
sty"
("C:\Users\user\AppData\Local\Programs\MiKTeX 2.9\tex/latex/pgf/utilities\pgfrc
s.sty"
("C:\Users\user\AppData\Local\Programs\MiKTeX 2.9\tex/generic/pgf/utilities\pgf
util-common.tex"
\pgfutil@everybye=\toks20
\pgfutil@tempdima=\dimen142
\pgfutil@tempdimb=\dimen143

("C:\Users\user\AppData\Local\Programs\MiKTeX 2.9\tex/generic/pgf/utilities\pgf
util-common-lists.tex"))
("C:\Users\user\AppData\Local\Programs\MiKTeX 2.9\tex/generic/pgf/utilities\pgf
util-latex.def"
\pgfutil@abb=\box55
)
("C:\Users\user\AppData\Local\Programs\MiKTeX 2.9\tex/generic/pgf/utilities\pgf
rcs.code.tex"
("C:\Users\user\AppData\Local\Programs\MiKTeX 2.9\tex/generic/pgf\pgf.revision.
tex")
Package: pgfrcs 2020/10/01 v3.1.6a (3.1.6a)
))
Package: pgf 2020/10/01 v3.1.6a (3.1.6a)

("C:\Users\user\AppData\Local\Programs\MiKTeX 2.9\tex/latex/pgf/basiclayer\pgfc
ore.sty"
("C:\Users\user\AppData\Local\Programs\MiKTeX 2.9\tex/latex/pgf/systemlayer\pgf
sys.sty"
("C:\Users\user\AppData\Local\Programs\MiKTeX 2.9\tex/generic/pgf/systemlayer\p
gfsys.code.tex"
Package: pgfsys 2020/10/01 v3.1.6a (3.1.6a)

("C:\Users\user\AppData\Local\Programs\MiKTeX 2.9\tex/generic/pgf/utilities\pgf
keys.code.tex"
\pgfkeys@pathtoks=\toks21
\pgfkeys@temptoks=\toks22

("C:\Users\user\AppData\Local\Programs\MiKTeX 2.9\tex/generic/pgf/utilities\pgf
keysfiltered.code.tex"
\pgfkeys@tmptoks=\toks23
))
\pgf@x=\dimen144
\pgf@y=\dimen145
\pgf@xa=\dimen146
\pgf@ya=\dimen147
\pgf@xb=\dimen148
\pgf@yb=\dimen149
\pgf@xc=\dimen150
\pgf@yc=\dimen151
\pgf@xd=\dimen152
\pgf@yd=\dimen153
\w@pgf@writea=\write3
\r@pgf@reada=\read2
\c@pgf@counta=\count189
\c@pgf@countb=\count190
\c@pgf@countc=\count191
\c@pgf@countd=\count192
\t@pgf@toka=\toks24
\t@pgf@tokb=\toks25
\t@pgf@tokc=\toks26
\pgf@sys@id@count=\count193

("C:\Users\user\AppData\Local\Programs\MiKTeX 2.9\tex/generic/pgf/systemlayer\p
gf.cfg"
File: pgf.cfg 2020/10/01 v3.1.6a (3.1.6a)
)
Driver file for pgf: pgfsys-pdftex.def

("C:\Users\user\AppData\Local\Programs\MiKTeX 2.9\tex/generic/pgf/systemlayer\p
gfsys-pdftex.def"
File: pgfsys-pdftex.def 2020/10/01 v3.1.6a (3.1.6a)

("C:\Users\user\AppData\Local\Programs\MiKTeX 2.9\tex/generic/pgf/systemlayer\p
gfsys-common-pdf.def"
File: pgfsys-common-pdf.def 2020/10/01 v3.1.6a (3.1.6a)
)))
("C:\Users\user\AppData\Local\Programs\MiKTeX 2.9\tex/generic/pgf/systemlayer\p
gfsyssoftpath.code.tex"
File: pgfsyssoftpath.code.tex 2020/10/01 v3.1.6a (3.1.6a)
\pgfsyssoftpath@smallbuffer@items=\count194
\pgfsyssoftpath@bigbuffer@items=\count195
)
("C:\Users\user\AppData\Local\Programs\MiKTeX 2.9\tex/generic/pgf/systemlayer\p
gfsysprotocol.code.tex"
File: pgfsysprotocol.code.tex 2020/10/01 v3.1.6a (3.1.6a)
))
("C:\Users\user\AppData\Local\Programs\MiKTeX 2.9\tex/latex/xcolor\xcolor.sty"
Package: xcolor 2016/05/11 v2.12 LaTeX color extensions (UK)

("C:\Users\user\AppData\Local\Programs\MiKTeX 2.9\tex/latex/graphics-cfg\color.
cfg"
File: color.cfg 2016/01/02 v1.6 sample color configuration
)
Package xcolor Info: Driver file: pdftex.def on input line 225.
Package xcolor Info: Model `cmy' substituted by `cmy0' on input line 1348.
Package xcolor Info: Model `hsb' substituted by `rgb' on input line 1352.
Package xcolor Info: Model `RGB' extended on input line 1364.
Package xcolor Info: Model `HTML' substituted by `rgb' on input line 1366.
Package xcolor Info: Model `Hsb' substituted by `hsb' on input line 1367.
Package xcolor Info: Model `tHsb' substituted by `hsb' on input line 1368.
Package xcolor Info: Model `HSB' substituted by `hsb' on input line 1369.
Package xcolor Info: Model `Gray' substituted by `gray' on input line 1370.
Package xcolor Info: Model `wave' substituted by `hsb' on input line 1371.
)
("C:\Users\user\AppData\Local\Programs\MiKTeX 2.9\tex/generic/pgf/basiclayer\pg
fcore.code.tex"
Package: pgfcore 2020/10/01 v3.1.6a (3.1.6a)

("C:\Users\user\AppData\Local\Programs\MiKTeX 2.9\tex/generic/pgf/math\pgfmath.
code.tex"
("C:\Users\user\AppData\Local\Programs\MiKTeX 2.9\tex/generic/pgf/math\pgfmathc
alc.code.tex"
("C:\Users\user\AppData\Local\Programs\MiKTeX 2.9\tex/generic/pgf/math\pgfmathu
til.code.tex")
("C:\Users\user\AppData\Local\Programs\MiKTeX 2.9\tex/generic/pgf/math\pgfmathp
arser.code.tex"
\pgfmath@dimen=\dimen154
\pgfmath@count=\count196
\pgfmath@box=\box56
\pgfmath@toks=\toks27
\pgfmath@stack@operand=\toks28
\pgfmath@stack@operation=\toks29
)
("C:\Users\user\AppData\Local\Programs\MiKTeX 2.9\tex/generic/pgf/math\pgfmathf
unctions.code.tex"
("C:\Users\user\AppData\Local\Programs\MiKTeX 2.9\tex/generic/pgf/math\pgfmathf
unctions.basic.code.tex")
("C:\Users\user\AppData\Local\Programs\MiKTeX 2.9\tex/generic/pgf/math\pgfmathf
unctions.trigonometric.code.tex")
("C:\Users\user\AppData\Local\Programs\MiKTeX 2.9\tex/generic/pgf/math\pgfmathf
unctions.random.code.tex")
("C:\Users\user\AppData\Local\Programs\MiKTeX 2.9\tex/generic/pgf/math\pgfmathf
unctions.comparison.code.tex")
("C:\Users\user\AppData\Local\Programs\MiKTeX 2.9\tex/generic/pgf/math\pgfmathf
unctions.base.code.tex")
("C:\Users\user\AppData\Local\Programs\MiKTeX 2.9\tex/generic/pgf/math\pgfmathf
unctions.round.code.tex")
("C:\Users\user\AppData\Local\Programs\MiKTeX 2.9\tex/generic/pgf/math\pgfmathf
unctions.misc.code.tex")
("C:\Users\user\AppData\Local\Programs\MiKTeX 2.9\tex/generic/pgf/math\pgfmathf
unctions.integerarithmetics.code.tex")))
("C:\Users\user\AppData\Local\Programs\MiKTeX 2.9\tex/generic/pgf/math\pgfmathf
loat.code.tex"
\c@pgfmathroundto@lastzeros=\count197
))
("C:\Users\user\AppData\Local\Programs\MiKTeX 2.9\tex/generic/pgf/math\pgfint.c
ode.tex")
("C:\Users\user\AppData\Local\Programs\MiKTeX 2.9\tex/generic/pgf/basiclayer\pg
fcorepoints.code.tex"
File: pgfcorepoints.code.tex 2020/10/01 v3.1.6a (3.1.6a)
\pgf@picminx=\dimen155
\pgf@picmaxx=\dimen156
\pgf@picminy=\dimen157
\pgf@picmaxy=\dimen158
\pgf@pathminx=\dimen159
\pgf@pathmaxx=\dimen160
\pgf@pathminy=\dimen161
\pgf@pathmaxy=\dimen162
\pgf@xx=\dimen163
\pgf@xy=\dimen164
\pgf@yx=\dimen165
\pgf@yy=\dimen166
\pgf@zx=\dimen167
\pgf@zy=\dimen168
)
("C:\Users\user\AppData\Local\Programs\MiKTeX 2.9\tex/generic/pgf/basiclayer\pg
fcorepathconstruct.code.tex"
File: pgfcorepathconstruct.code.tex 2020/10/01 v3.1.6a (3.1.6a)
\pgf@path@lastx=\dimen169
\pgf@path@lasty=\dimen170
)
("C:\Users\user\AppData\Local\Programs\MiKTeX 2.9\tex/generic/pgf/basiclayer\pg
fcorepathusage.code.tex"
File: pgfcorepathusage.code.tex 2020/10/01 v3.1.6a (3.1.6a)
\pgf@shorten@end@additional=\dimen171
\pgf@shorten@start@additional=\dimen172
)
("C:\Users\user\AppData\Local\Programs\MiKTeX 2.9\tex/generic/pgf/basiclayer\pg
fcorescopes.code.tex"
File: pgfcorescopes.code.tex 2020/10/01 v3.1.6a (3.1.6a)
\pgfpic=\box57
\pgf@hbox=\box58
\pgf@layerbox@main=\box59
\pgf@picture@serial@count=\count198
)
("C:\Users\user\AppData\Local\Programs\MiKTeX 2.9\tex/generic/pgf/basiclayer\pg
fcoregraphicstate.code.tex"
File: pgfcoregraphicstate.code.tex 2020/10/01 v3.1.6a (3.1.6a)
\pgflinewidth=\dimen173
)
("C:\Users\user\AppData\Local\Programs\MiKTeX 2.9\tex/generic/pgf/basiclayer\pg
fcoretransformations.code.tex"
File: pgfcoretransformations.code.tex 2020/10/01 v3.1.6a (3.1.6a)
\pgf@pt@x=\dimen174
\pgf@pt@y=\dimen175
\pgf@pt@temp=\dimen176
)
("C:\Users\user\AppData\Local\Programs\MiKTeX 2.9\tex/generic/pgf/basiclayer\pg
fcorequick.code.tex"
File: pgfcorequick.code.tex 2020/10/01 v3.1.6a (3.1.6a)
)
("C:\Users\user\AppData\Local\Programs\MiKTeX 2.9\tex/generic/pgf/basiclayer\pg
fcoreobjects.code.tex"
File: pgfcoreobjects.code.tex 2020/10/01 v3.1.6a (3.1.6a)
)
("C:\Users\user\AppData\Local\Programs\MiKTeX 2.9\tex/generic/pgf/basiclayer\pg
fcorepathprocessing.code.tex"
File: pgfcorepathprocessing.code.tex 2020/10/01 v3.1.6a (3.1.6a)
)
("C:\Users\user\AppData\Local\Programs\MiKTeX 2.9\tex/generic/pgf/basiclayer\pg
fcorearrows.code.tex"
File: pgfcorearrows.code.tex 2020/10/01 v3.1.6a (3.1.6a)
\pgfarrowsep=\dimen177
)
("C:\Users\user\AppData\Local\Programs\MiKTeX 2.9\tex/generic/pgf/basiclayer\pg
fcoreshade.code.tex"
File: pgfcoreshade.code.tex 2020/10/01 v3.1.6a (3.1.6a)
\pgf@max=\dimen178
\pgf@sys@shading@range@num=\count199
\pgf@shadingcount=\count266
)
("C:\Users\user\AppData\Local\Programs\MiKTeX 2.9\tex/generic/pgf/basiclayer\pg
fcoreimage.code.tex"
File: pgfcoreimage.code.tex 2020/10/01 v3.1.6a (3.1.6a)

("C:\Users\user\AppData\Local\Programs\MiKTeX 2.9\tex/generic/pgf/basiclayer\pg
fcoreexternal.code.tex"
File: pgfcoreexternal.code.tex 2020/10/01 v3.1.6a (3.1.6a)
\pgfexternal@startupbox=\box60
))
("C:\Users\user\AppData\Local\Programs\MiKTeX 2.9\tex/generic/pgf/basiclayer\pg
fcorelayers.code.tex"
File: pgfcorelayers.code.tex 2020/10/01 v3.1.6a (3.1.6a)
)
("C:\Users\user\AppData\Local\Programs\MiKTeX 2.9\tex/generic/pgf/basiclayer\pg
fcoretransparency.code.tex"
File: pgfcoretransparency.code.tex 2020/10/01 v3.1.6a (3.1.6a)
)
("C:\Users\user\AppData\Local\Programs\MiKTeX 2.9\tex/generic/pgf/basiclayer\pg
fcorepatterns.code.tex"
File: pgfcorepatterns.code.tex 2020/10/01 v3.1.6a (3.1.6a)
)
("C:\Users\user\AppData\Local\Programs\MiKTeX 2.9\tex/generic/pgf/basiclayer\pg
fcorerdf.code.tex"
File: pgfcorerdf.code.tex 2020/10/01 v3.1.6a (3.1.6a)
)))
("C:\Users\user\AppData\Local\Programs\MiKTeX 2.9\tex/generic/pgf/modules\pgfmo
duleshapes.code.tex"
File: pgfmoduleshapes.code.tex 2020/10/01 v3.1.6a (3.1.6a)
\pgfnodeparttextbox=\box61
)
("C:\Users\user\AppData\Local\Programs\MiKTeX 2.9\tex/generic/pgf/modules\pgfmo
duleplot.code.tex"
File: pgfmoduleplot.code.tex 2020/10/01 v3.1.6a (3.1.6a)
)
("C:\Users\user\AppData\Local\Programs\MiKTeX 2.9\tex/latex/pgf/compatibility\p
gfcomp-version-0-65.sty"
Package: pgfcomp-version-0-65 2020/10/01 v3.1.6a (3.1.6a)
\pgf@nodesepstart=\dimen179
\pgf@nodesepend=\dimen180
)
("C:\Users\user\AppData\Local\Programs\MiKTeX 2.9\tex/latex/pgf/compatibility\p
gfcomp-version-1-18.sty"
Package: pgfcomp-version-1-18 2020/10/01 v3.1.6a (3.1.6a)
))
("C:\Users\user\AppData\Local\Programs\MiKTeX 2.9\tex/latex/pgf/utilities\pgffo
r.sty"
("C:\Users\user\AppData\Local\Programs\MiKTeX 2.9\tex/latex/pgf/utilities\pgfke
ys.sty"
("C:\Users\user\AppData\Local\Programs\MiKTeX 2.9\tex/generic/pgf/utilities\pgf
keys.code.tex"))
("C:\Users\user\AppData\Local\Programs\MiKTeX 2.9\tex/latex/pgf/math\pgfmath.st
y"
("C:\Users\user\AppData\Local\Programs\MiKTeX 2.9\tex/generic/pgf/math\pgfmath.
code.tex"))
("C:\Users\user\AppData\Local\Programs\MiKTeX 2.9\tex/generic/pgf/utilities\pgf
for.code.tex"
Package: pgffor 2020/10/01 v3.1.6a (3.1.6a)

("C:\Users\user\AppData\Local\Programs\MiKTeX 2.9\tex/generic/pgf/math\pgfmath.
code.tex")
\pgffor@iter=\dimen181
\pgffor@skip=\dimen182
\pgffor@stack=\toks30
\pgffor@toks=\toks31
))
("C:\Users\user\AppData\Local\Programs\MiKTeX 2.9\tex/generic/pgf/frontendlayer
/tikz\tikz.code.tex"
Package: tikz 2020/10/01 v3.1.6a (3.1.6a)

("C:\Users\user\AppData\Local\Programs\MiKTeX 2.9\tex/generic/pgf/libraries\pgf
libraryplothandlers.code.tex"
File: pgflibraryplothandlers.code.tex 2020/10/01 v3.1.6a (3.1.6a)
\pgf@plot@mark@count=\count267
\pgfplotmarksize=\dimen183
)
\tikz@lastx=\dimen184
\tikz@lasty=\dimen185
\tikz@lastxsaved=\dimen186
\tikz@lastysaved=\dimen187
\tikz@lastmovetox=\dimen188
\tikz@lastmovetoy=\dimen189
\tikzleveldistance=\dimen190
\tikzsiblingdistance=\dimen191
\tikz@figbox=\box62
\tikz@figbox@bg=\box63
\tikz@tempbox=\box64
\tikz@tempbox@bg=\box65
\tikztreelevel=\count268
\tikznumberofchildren=\count269
\tikznumberofcurrentchild=\count270
\tikz@fig@count=\count271

("C:\Users\user\AppData\Local\Programs\MiKTeX 2.9\tex/generic/pgf/modules\pgfmo
dulematrix.code.tex"
File: pgfmodulematrix.code.tex 2020/10/01 v3.1.6a (3.1.6a)
\pgfmatrixcurrentrow=\count272
\pgfmatrixcurrentcolumn=\count273
\pgf@matrix@numberofcolumns=\count274
)
\tikz@expandcount=\count275

("C:\Users\user\AppData\Local\Programs\MiKTeX 2.9\tex/generic/pgf/frontendlayer
/tikz/libraries\tikzlibrarytopaths.code.tex"
File: tikzlibrarytopaths.code.tex 2020/10/01 v3.1.6a (3.1.6a)
)))
("C:\Users\user\AppData\Local\Programs\MiKTeX 2.9\tex/generic/pgf/frontendlayer
/tikz/libraries\tikzlibraryshapes.geometric.code.tex"
File: tikzlibraryshapes.geometric.code.tex 2020/10/01 v3.1.6a (3.1.6a)

("C:\Users\user\AppData\Local\Programs\MiKTeX 2.9\tex/generic/pgf/libraries/sha
pes\pgflibraryshapes.geometric.code.tex"
File: pgflibraryshapes.geometric.code.tex 2020/10/01 v3.1.6a (3.1.6a)
))
("C:\Users\user\AppData\Local\Programs\MiKTeX 2.9\tex/generic/pgf/frontendlayer
/tikz/libraries\tikzlibraryarrows.code.tex"
File: tikzlibraryarrows.code.tex 2020/10/01 v3.1.6a (3.1.6a)

("C:\Users\user\AppData\Local\Programs\MiKTeX 2.9\tex/generic/pgf/libraries\pgf
libraryarrows.code.tex"
File: pgflibraryarrows.code.tex 2020/10/01 v3.1.6a (3.1.6a)
\arrowsize=\dimen192
))
("C:\Users\user\AppData\Local\Programs\MiKTeX 2.9\tex/latex/listings\listings.s
ty"
\lst@mode=\count276
\lst@gtempboxa=\box66
\lst@token=\toks32
\lst@length=\count277
\lst@currlwidth=\dimen193
\lst@column=\count278
\lst@pos=\count279
\lst@lostspace=\dimen194
\lst@width=\dimen195
\lst@newlines=\count280
\lst@lineno=\count281
\lst@maxwidth=\dimen196

("C:\Users\user\AppData\Local\Programs\MiKTeX 2.9\tex/latex/listings\lstmisc.st
y"
File: lstmisc.sty 2020/03/24 1.8d (Carsten Heinz)
\c@lstnumber=\count282
\lst@skipnumbers=\count283
\lst@framebox=\box67
)
("C:\Users\user\AppData\Local\Programs\MiKTeX 2.9\tex/latex/listings\listings.c
fg"
File: listings.cfg 2020/03/24 1.8d listings configuration
))
Package: listings 2020/03/24 1.8d (Carsten Heinz)

("C:\Users\user\AppData\Local\Programs\MiKTeX 2.9\tex/latex/amsmath\amsmath.sty
"
Package: amsmath 2020/09/23 v2.17i AMS math features
\@mathmargin=\skip51

For additional information on amsmath, use the `?' option.
("C:\Users\user\AppData\Local\Programs\MiKTeX 2.9\tex/latex/amsmath\amstext.sty
"
Package: amstext 2000/06/29 v2.01 AMS text
 ("C:\Users\user\AppData\Local\Programs\MiKTeX 2.9\tex/latex/amsmath\amsgen.sty
"
File: amsgen.sty 1999/11/30 v2.0 generic functions
\@emptytoks=\toks33
\ex@=\dimen197
))
("C:\Users\user\AppData\Local\Programs\MiKTeX 2.9\tex/latex/amsmath\amsbsy.sty"
Package: amsbsy 1999/11/29 v1.2d Bold Symbols
\pmbraise@=\dimen198
) ("C:\Users\user\AppData\Local\Programs\MiKTeX 2.9\tex/latex/amsmath\amsopn.st
y"
Package: amsopn 2016/03/08 v2.02 operator names
)
\inf@bad=\count284
LaTeX Info: Redefining \frac on input line 234.
\uproot@=\count285
\leftroot@=\count286
LaTeX Info: Redefining \overline on input line 399.
\classnum@=\count287
\DOTSCASE@=\count288
LaTeX Info: Redefining \ldots on input line 496.
LaTeX Info: Redefining \dots on input line 499.
LaTeX Info: Redefining \cdots on input line 620.
\Mathstrutbox@=\box68
\strutbox@=\box69
\big@size=\dimen199
LaTeX Font Info:    Redeclaring font encoding OML on input line 743.
LaTeX Font Info:    Redeclaring font encoding OMS on input line 744.
\macc@depth=\count289
\c@MaxMatrixCols=\count290
\dotsspace@=\muskip17
\c@parentequation=\count291
\dspbrk@lvl=\count292
\tag@help=\toks34
\row@=\count293
\column@=\count294
\maxfields@=\count295
\andhelp@=\toks35
\eqnshift@=\dimen256
\alignsep@=\dimen257
\tagshift@=\dimen258
\tagwidth@=\dimen259
\totwidth@=\dimen260
\lineht@=\dimen261
\@envbody=\toks36
\multlinegap=\skip52
\multlinetaggap=\skip53
\mathdisplay@stack=\toks37
LaTeX Info: Redefining \[ on input line 2923.
LaTeX Info: Redefining \] on input line 2924.
)
! Extra \endgroup.
\document ->\endgroup 
                      \init@documenthook \set@typesize@hook \normalsize \set...
l.42 \begin{document}
                     
Things are pretty mixed up, but I think the worst is over.


! LaTeX Error: Missing \begin{document}.

See the LaTeX manual or LaTeX Companion for explanation.
Type  H <return>  for immediate help.
 ...                                              
                                                  
l.42 \begin{document}
                     
You're in trouble here.  Try typing  <return>  to proceed.
If that doesn't work, type  X <return>  to quit.


("C:\Users\user\AppData\Local\Programs\MiKTeX 2.9\tex/latex/l3backend\l3backend
-pdftex.def"
File: l3backend-pdftex.def 2020-09-24 L3 backend support: PDF output (pdfTeX)
\l__kernel_color_stack_int=\count296
\l__pdf_internal_box=\box70
)

LaTeX Warning: Unused global option(s):
    [letter].

(main.aux)
\openout1 = `main.aux'.

LaTeX Font Info:    Checking defaults for OML/cmm/m/it on input line 42.
LaTeX Font Info:    ... okay on input line 42.
LaTeX Font Info:    Checking defaults for OMS/cmsy/m/n on input line 42.
LaTeX Font Info:    ... okay on input line 42.
LaTeX Font Info:    Checking defaults for OT1/cmr/m/n on input line 42.
LaTeX Font Info:    ... okay on input line 42.
LaTeX Font Info:    Checking defaults for T1/cmr/m/n on input line 42.
LaTeX Font Info:    ... okay on input line 42.
LaTeX Font Info:    Checking defaults for TS1/cmr/m/n on input line 42.
LaTeX Font Info:    ... okay on input line 42.
LaTeX Font Info:    Checking defaults for OMX/cmex/m/n on input line 42.
LaTeX Font Info:    ... okay on input line 42.
LaTeX Font Info:    Checking defaults for U/cmr/m/n on input line 42.
LaTeX Font Info:    ... okay on input line 42.
Class revtex4 Info: Unrecognized LaTeX tabular. Please update this document cla
ss! (Proceeding with fingers crossed.) on input line 42.
Class revtex4 Info: cite was not loaded (OK!) on input line 42.
Class revtex4 Info: multicol was not loaded (OK!) on input line 42.

("C:\Users\user\AppData\Local\Programs\MiKTeX 2.9\tex/context/base/mkii\supp-pd
f.mkii"
[Loading MPS to PDF converter (version 2006.09.02).]
\scratchcounter=\count297
\scratchdimen=\dimen262
\scratchbox=\box71
\nofMPsegments=\count298
\nofMParguments=\count299
\everyMPshowfont=\toks38
\MPscratchCnt=\count300
\MPscratchDim=\dimen263
\MPnumerator=\count301
\makeMPintoPDFobject=\count302
\everyMPtoPDFconversion=\toks39
)
("C:\Users\user\AppData\Local\Programs\MiKTeX 2.9\tex/latex/epstopdf-pkg\epstop
df-base.sty"
Package: epstopdf-base 2020-01-24 v2.11 Base part for package epstopdf

("C:\Users\user\AppData\Local\Programs\MiKTeX 2.9\tex/generic/infwarerr\infware
rr.sty"
Package: infwarerr 2019/12/03 v1.5 Providing info/warning/error messages (HO)
)
("C:\Users\user\AppData\Local\Programs\MiKTeX 2.9\tex/latex/grfext\grfext.sty"
Package: grfext 2019/12/03 v1.3 Manage graphics extensions (HO)

("C:\Users\user\AppData\Local\Programs\MiKTeX 2.9\tex/generic/kvdefinekeys\kvde
finekeys.sty"
Package: kvdefinekeys 2019-12-19 v1.6 Define keys (HO)
))
("C:\Users\user\AppData\Local\Programs\MiKTeX 2.9\tex/latex/kvoptions\kvoptions
.sty"
Package: kvoptions 2020-10-07 v3.14 Key value format for package options (HO)

("C:\Users\user\AppData\Local\Programs\MiKTeX 2.9\tex/generic/ltxcmds\ltxcmds.s
ty"
Package: ltxcmds 2020-05-10 v1.25 LaTeX kernel commands for general use (HO)
)
("C:\Users\user\AppData\Local\Programs\MiKTeX 2.9\tex/generic/kvsetkeys\kvsetke
ys.sty"
Package: kvsetkeys 2019/12/15 v1.18 Key value parser (HO)
))
("C:\Users\user\AppData\Local\Programs\MiKTeX 2.9\tex/generic/pdftexcmds\pdftex
cmds.sty"
Package: pdftexcmds 2020-06-27 v0.33 Utility functions of pdfTeX for LuaTeX (HO
)

("C:\Users\user\AppData\Local\Programs\MiKTeX 2.9\tex/generic/iftex\iftex.sty"
Package: iftex 2020/03/06 v1.0d TeX engine tests
)
Package pdftexcmds Info: \pdf@primitive is available.
Package pdftexcmds Info: \pdf@ifprimitive is available.
Package pdftexcmds Info: \pdfdraftmode found.
)
Package epstopdf-base Info: Redefining graphics rule for `.eps' on input line 4
85.
Package grfext Info: Graphics extension search list:
(grfext)             [.pdf,.png,.jpg,.mps,.jpeg,.jbig2,.jb2,.PDF,.PNG,.JPG,.JPE
G,.JBIG2,.JB2,.eps]
(grfext)             \AppendGraphicsExtensions on input line 504.
)
\c@lstlisting=\count303
 [1{C:/Users/user/AppData/Local/MiKTeX/2.9/pdftex/config/pdftex.map}]
[2] [3] [4] [5] [6] (main.aux) ) 
Here is how much of TeX's memory you used:
 16659 strings out of 480236
 328000 string characters out of 2879097
 581953 words of memory out of 3000000
 32951 multiletter control sequences out of 15000+200000
 536645 words of font info for 34 fonts, out of 3000000 for 9000
 1141 hyphenation exceptions out of 8191
 77i,5n,88p,429b,262s stack positions out of 5000i,500n,10000p,200000b,50000s
<C:/Users/user/AppData/Local/Programs/MiKTeX 2.
9/fonts/type1/public/amsfonts/cm/cmbx12.pfb><C:/Users/user/AppData/Local/Progra
ms/MiKTeX 2.9/fonts/type1/public/amsfonts/cm/cmbx9.pfb><C:/Users/user/AppData/L
ocal/Programs/MiKTeX 2.9/fonts/type1/public/amsfonts/cm/cmr10.pfb><C:/Users/use
r/AppData/Local/Programs/MiKTeX 2.9/fonts/type1/public/amsfonts/cm/cmr9.pfb><C:
/Users/user/AppData/Local/Programs/MiKTeX 2.9/fonts/type1/public/amsfonts/cm/cm
ti9.pfb>
Output written on main.pdf (6 pages, 69058 bytes).
PDF statistics:
 44 PDF objects out of 1000 (max. 8388607)
 0 named destinations out of 1000 (max. 500000)
 1 words of extra memory for PDF output out of 10000 (max. 10000000)

